2020-03-03 21:56:42.363 [main] ERROR o.s.b.diagnostics.LoggingFailureAnalysisReporter - 

***************************
APPLICATION FAILED TO START
***************************

Description:

Field orderService in libofei.controller.order.OrderController required a bean of type 'libofei.demo.IOrderServices' that could not be found.


Action:

Consider defining a bean of type 'libofei.demo.IOrderServices' in your configuration.

2020-03-03 21:59:14.916 [main] ERROR o.s.b.diagnostics.LoggingFailureAnalysisReporter - 

***************************
APPLICATION FAILED TO START
***************************

Description:

Field orderService in libofei.controller.order.OrderController required a bean of type 'libofei.demo.IOrderServices' that could not be found.


Action:

Consider defining a bean of type 'libofei.demo.IOrderServices' in your configuration.

2020-03-03 22:00:48.087 [main] ERROR o.s.b.diagnostics.LoggingFailureAnalysisReporter - 

***************************
APPLICATION FAILED TO START
***************************

Description:

Field orderService in libofei.controller.order.OrderController required a bean of type 'libofei.demo.IOrderServices' that could not be found.


Action:

Consider defining a bean of type 'libofei.demo.IOrderServices' in your configuration.

2020-03-03 22:01:08.569 [main] ERROR o.s.b.diagnostics.LoggingFailureAnalysisReporter - 

***************************
APPLICATION FAILED TO START
***************************

Description:

A component required a bean named 'orderServices2' that could not be found.


Action:

Consider defining a bean named 'orderServices2' in your configuration.

2020-03-03 22:05:10.533 [main] ERROR o.s.b.diagnostics.LoggingFailureAnalysisReporter - 

***************************
APPLICATION FAILED TO START
***************************

Description:

A component required a bean named 'orderService' that could not be found.


Action:

Consider defining a bean named 'orderService' in your configuration.

2020-03-03 22:06:45.367 [main] ERROR o.s.b.diagnostics.LoggingFailureAnalysisReporter - 

***************************
APPLICATION FAILED TO START
***************************

Description:

Field userService in libofei.controller.user.UserController required a bean of type 'libofei.demo.IUserService' that could not be found.


Action:

Consider defining a bean of type 'libofei.demo.IUserService' in your configuration.

2020-03-03 22:11:29.559 [main] ERROR o.s.b.diagnostics.LoggingFailureAnalysisReporter - 

***************************
APPLICATION FAILED TO START
***************************

Description:

Field userService in libofei.controller.user.UserController required a bean of type 'libofei.demo.IUserService' that could not be found.


Action:

Consider defining a bean of type 'libofei.demo.IUserService' in your configuration.

2020-03-03 22:30:25.721 [main] ERROR org.springframework.boot.SpringApplication - Application run failed
org.springframework.beans.factory.xml.XmlBeanDefinitionStoreException: Line 15 in XML document from URL [jar:file:/Users/mac/.m2/repository/com/demo/libofei/user-api/1.0-SNAPSHOT/user-api-1.0-SNAPSHOT.jar!/META-INF/client/user-customer.xml] is invalid; nested exception is org.xml.sax.SAXParseException; lineNumber: 15; columnNumber: 79; cvc-complex-type.2.4.c: 通配符的匹配很全面, 但无法找到元素 'dubbo:reference' 的声明。
	at org.springframework.beans.factory.xml.XmlBeanDefinitionReader.doLoadBeanDefinitions(XmlBeanDefinitionReader.java:398)
	at org.springframework.beans.factory.xml.XmlBeanDefinitionReader.loadBeanDefinitions(XmlBeanDefinitionReader.java:335)
	at org.springframework.beans.factory.xml.XmlBeanDefinitionReader.loadBeanDefinitions(XmlBeanDefinitionReader.java:303)
	at org.springframework.beans.factory.support.AbstractBeanDefinitionReader.loadBeanDefinitions(AbstractBeanDefinitionReader.java:187)
	at org.springframework.beans.factory.support.AbstractBeanDefinitionReader.loadBeanDefinitions(AbstractBeanDefinitionReader.java:223)
	at org.springframework.beans.factory.support.AbstractBeanDefinitionReader.loadBeanDefinitions(AbstractBeanDefinitionReader.java:194)
	at org.springframework.context.annotation.ConfigurationClassBeanDefinitionReader.lambda$loadBeanDefinitionsFromImportedResources$0(ConfigurationClassBeanDefinitionReader.java:351)
	at java.util.LinkedHashMap.forEach(LinkedHashMap.java:684)
	at org.springframework.context.annotation.ConfigurationClassBeanDefinitionReader.loadBeanDefinitionsFromImportedResources(ConfigurationClassBeanDefinitionReader.java:318)
	at org.springframework.context.annotation.ConfigurationClassBeanDefinitionReader.loadBeanDefinitionsForConfigurationClass(ConfigurationClassBeanDefinitionReader.java:143)
	at org.springframework.context.annotation.ConfigurationClassBeanDefinitionReader.loadBeanDefinitions(ConfigurationClassBeanDefinitionReader.java:117)
	at org.springframework.context.annotation.ConfigurationClassPostProcessor.processConfigBeanDefinitions(ConfigurationClassPostProcessor.java:328)
	at org.springframework.context.annotation.ConfigurationClassPostProcessor.postProcessBeanDefinitionRegistry(ConfigurationClassPostProcessor.java:233)
	at org.springframework.context.support.PostProcessorRegistrationDelegate.invokeBeanDefinitionRegistryPostProcessors(PostProcessorRegistrationDelegate.java:273)
	at org.springframework.context.support.PostProcessorRegistrationDelegate.invokeBeanFactoryPostProcessors(PostProcessorRegistrationDelegate.java:93)
	at org.springframework.context.support.AbstractApplicationContext.invokeBeanFactoryPostProcessors(AbstractApplicationContext.java:694)
	at org.springframework.context.support.AbstractApplicationContext.refresh(AbstractApplicationContext.java:532)
	at org.springframework.boot.web.servlet.context.ServletWebServerApplicationContext.refresh(ServletWebServerApplicationContext.java:140)
	at org.springframework.boot.SpringApplication.refresh(SpringApplication.java:759)
	at org.springframework.boot.SpringApplication.refreshContext(SpringApplication.java:395)
	at org.springframework.boot.SpringApplication.run(SpringApplication.java:327)
	at org.springframework.boot.SpringApplication.run(SpringApplication.java:1255)
	at org.springframework.boot.SpringApplication.run(SpringApplication.java:1243)
	at libofei.StartClass.main(StartClass.java:24)
Caused by: org.xml.sax.SAXParseException: cvc-complex-type.2.4.c: 通配符的匹配很全面, 但无法找到元素 'dubbo:reference' 的声明。
	at com.sun.org.apache.xerces.internal.util.ErrorHandlerWrapper.createSAXParseException(ErrorHandlerWrapper.java:203)
	at com.sun.org.apache.xerces.internal.util.ErrorHandlerWrapper.error(ErrorHandlerWrapper.java:134)
	at com.sun.org.apache.xerces.internal.impl.XMLErrorReporter.reportError(XMLErrorReporter.java:396)
	at com.sun.org.apache.xerces.internal.impl.XMLErrorReporter.reportError(XMLErrorReporter.java:327)
	at com.sun.org.apache.xerces.internal.impl.XMLErrorReporter.reportError(XMLErrorReporter.java:284)
	at com.sun.org.apache.xerces.internal.impl.xs.XMLSchemaValidator$XSIErrorReporter.reportError(XMLSchemaValidator.java:453)
	at com.sun.org.apache.xerces.internal.impl.xs.XMLSchemaValidator.reportSchemaError(XMLSchemaValidator.java:3231)
	at com.sun.org.apache.xerces.internal.impl.xs.XMLSchemaValidator.handleStartElement(XMLSchemaValidator.java:1912)
	at com.sun.org.apache.xerces.internal.impl.xs.XMLSchemaValidator.emptyElement(XMLSchemaValidator.java:761)
	at com.sun.org.apache.xerces.internal.impl.XMLNSDocumentScannerImpl.scanStartElement(XMLNSDocumentScannerImpl.java:351)
	at com.sun.org.apache.xerces.internal.impl.XMLDocumentFragmentScannerImpl$FragmentContentDriver.next(XMLDocumentFragmentScannerImpl.java:2784)
	at com.sun.org.apache.xerces.internal.impl.XMLDocumentScannerImpl.next(XMLDocumentScannerImpl.java:602)
	at com.sun.org.apache.xerces.internal.impl.XMLNSDocumentScannerImpl.next(XMLNSDocumentScannerImpl.java:112)
	at com.sun.org.apache.xerces.internal.impl.XMLDocumentFragmentScannerImpl.scanDocument(XMLDocumentFragmentScannerImpl.java:505)
	at com.sun.org.apache.xerces.internal.parsers.XML11Configuration.parse(XML11Configuration.java:842)
	at com.sun.org.apache.xerces.internal.parsers.XML11Configuration.parse(XML11Configuration.java:771)
	at com.sun.org.apache.xerces.internal.parsers.XMLParser.parse(XMLParser.java:141)
	at com.sun.org.apache.xerces.internal.parsers.DOMParser.parse(DOMParser.java:243)
	at com.sun.org.apache.xerces.internal.jaxp.DocumentBuilderImpl.parse(DocumentBuilderImpl.java:339)
	at org.springframework.beans.factory.xml.DefaultDocumentLoader.loadDocument(DefaultDocumentLoader.java:77)
	at org.springframework.beans.factory.xml.XmlBeanDefinitionReader.doLoadDocument(XmlBeanDefinitionReader.java:428)
	at org.springframework.beans.factory.xml.XmlBeanDefinitionReader.doLoadBeanDefinitions(XmlBeanDefinitionReader.java:390)
	... 23 common frames omitted
2020-03-03 22:31:54.388 [main] ERROR org.apache.catalina.core.StandardService - Failed to start connector [Connector[HTTP/1.1-8089]]
org.apache.catalina.LifecycleException: Failed to start component [Connector[HTTP/1.1-8089]]
	at org.apache.catalina.util.LifecycleBase.start(LifecycleBase.java:167)
	at org.apache.catalina.core.StandardService.addConnector(StandardService.java:225)
	at org.springframework.boot.web.embedded.tomcat.TomcatWebServer.addPreviouslyRemovedConnectors(TomcatWebServer.java:256)
	at org.springframework.boot.web.embedded.tomcat.TomcatWebServer.start(TomcatWebServer.java:198)
	at org.springframework.boot.web.servlet.context.ServletWebServerApplicationContext.startWebServer(ServletWebServerApplicationContext.java:300)
	at org.springframework.boot.web.servlet.context.ServletWebServerApplicationContext.finishRefresh(ServletWebServerApplicationContext.java:162)
	at org.springframework.context.support.AbstractApplicationContext.refresh(AbstractApplicationContext.java:553)
	at org.springframework.boot.web.servlet.context.ServletWebServerApplicationContext.refresh(ServletWebServerApplicationContext.java:140)
	at org.springframework.boot.SpringApplication.refresh(SpringApplication.java:759)
	at org.springframework.boot.SpringApplication.refreshContext(SpringApplication.java:395)
	at org.springframework.boot.SpringApplication.run(SpringApplication.java:327)
	at org.springframework.boot.SpringApplication.run(SpringApplication.java:1255)
	at org.springframework.boot.SpringApplication.run(SpringApplication.java:1243)
	at libofei.StartClass.main(StartClass.java:24)
Caused by: org.apache.catalina.LifecycleException: Protocol handler start failed
	at org.apache.catalina.connector.Connector.startInternal(Connector.java:1020)
	at org.apache.catalina.util.LifecycleBase.start(LifecycleBase.java:150)
	... 13 common frames omitted
Caused by: java.net.BindException: Address already in use
	at sun.nio.ch.Net.bind0(Native Method)
	at sun.nio.ch.Net.bind(Net.java:433)
	at sun.nio.ch.Net.bind(Net.java:425)
	at sun.nio.ch.ServerSocketChannelImpl.bind(ServerSocketChannelImpl.java:223)
	at sun.nio.ch.ServerSocketAdaptor.bind(ServerSocketAdaptor.java:74)
	at org.apache.tomcat.util.net.NioEndpoint.bind(NioEndpoint.java:210)
	at org.apache.tomcat.util.net.AbstractEndpoint.start(AbstractEndpoint.java:1150)
	at org.apache.coyote.AbstractProtocol.start(AbstractProtocol.java:591)
	at org.apache.catalina.connector.Connector.startInternal(Connector.java:1018)
	... 14 common frames omitted
2020-03-03 22:31:54.407 [main] ERROR o.s.b.diagnostics.LoggingFailureAnalysisReporter - 

***************************
APPLICATION FAILED TO START
***************************

Description:

The Tomcat connector configured to listen on port 8089 failed to start. The port may already be in use or the connector may be misconfigured.

Action:

Verify the connector's configuration, identify and stop any process that's listening on port 8089, or configure this application to listen on another port.

2020-03-03 22:32:43.496 [main] ERROR o.s.b.diagnostics.LoggingFailureAnalysisReporter - 

***************************
APPLICATION FAILED TO START
***************************

Description:

Field iUserService in libofei.controller.user.UserController required a bean of type 'libofei.demo.IUserService' that could not be found.


Action:

Consider defining a bean of type 'libofei.demo.IUserService' in your configuration.

2020-03-03 22:32:58.665 [main] ERROR o.s.b.diagnostics.LoggingFailureAnalysisReporter - 

***************************
APPLICATION FAILED TO START
***************************

Description:

Field userService in libofei.controller.user.UserController required a bean of type 'libofei.demo.IUserService' that could not be found.


Action:

Consider defining a bean of type 'libofei.demo.IUserService' in your configuration.

2020-03-03 22:35:05.217 [main] ERROR o.s.b.diagnostics.LoggingFailureAnalysisReporter - 

***************************
APPLICATION FAILED TO START
***************************

Description:

Field userService in libofei.controller.user.UserController required a bean of type 'libofei.demo.IUserService' that could not be found.


Action:

Consider defining a bean of type 'libofei.demo.IUserService' in your configuration.

2020-03-03 22:37:22.551 [main] ERROR o.s.b.diagnostics.LoggingFailureAnalysisReporter - 

***************************
APPLICATION FAILED TO START
***************************

Description:

Field userService in libofei.controller.user.UserController required a bean of type 'libofei.demo.IUserService' that could not be found.


Action:

Consider defining a bean of type 'libofei.demo.IUserService' in your configuration.

